[2026-06-05 10:14:56,042][execute.py 53][DEBUG]: Environment switched to: test (config: TEST_CONFIG)
[2026-06-05 10:14:56,043][execute.py 107][INFO]: ---环境自动初始化---执行的是test环境
[2026-06-05 10:14:56,043][execute.py 53][DEBUG]: Environment switched to: uat (config: UAT_CONFIG)
[2026-06-05 10:14:56,043][execute.py 87][INFO]: ---测试开始---执行的是uat环境
[2026-06-05 10:14:56,768][simple_request.py 253][INFO]: method:POST,url:https://uat-api.alloyx-payment.net/web/user/login
[2026-06-05 10:14:56,768][simple_request.py 255][INFO]: Request data: {
  "loginMethod": "email",
  "password": "53bfef360f0c4e9d70cc1e6b262e24f1",
  "email": "ryan.zhou@alloyx.com",
  "laissezPasser": false,
  "language": "zh_CN"
}
[2026-06-05 10:14:58,932][simple_request.py 273][INFO]: Response status code: 201
[2026-06-05 10:14:58,932][simple_request.py 277][INFO]: Response status code: 201
[2026-06-05 10:14:58,934][read_and_save_tool.py 88][INFO]: 配置已保存到文件: /Users/alloyx/Desktop/alloxy_interface_test/common/config.ini
[2026-06-05 10:14:58,940][simple_request.py 253][INFO]: method:POST,url:https://uat-api.alloyx-payment.net/web/user/login
[2026-06-05 10:14:58,940][simple_request.py 255][INFO]: Request data: {
  "loginMethod": "email",
  "password": "53bfef360f0c4e9d70cc1e6b262e24f1",
  "email": "1989908@qq.com",
  "laissezPasser": false,
  "language": "zh_CN"
}
[2026-06-05 10:15:04,399][simple_request.py 273][INFO]: Response status code: 201
[2026-06-05 10:15:04,399][simple_request.py 277][INFO]: Response status code: 201
[2026-06-05 10:15:04,400][read_and_save_tool.py 88][INFO]: 配置已保存到文件: /Users/alloyx/Desktop/alloxy_interface_test/common/config.ini
[2026-06-05 10:15:07,404][execute.py 53][DEBUG]: Environment switched to: test (config: TEST_CONFIG)
[2026-06-05 10:15:07,404][execute.py 107][INFO]: ---环境自动初始化---执行的是test环境
[2026-06-05 10:15:07,829][execute.py 53][DEBUG]: Environment switched to: uat (config: UAT_CONFIG)
[2026-06-05 10:15:07,834][simple_request.py 253][INFO]: method:post,url:https://uat-api.alloyx-payment.net/web/virtual-card/getAcctJnlList
[2026-06-05 10:15:07,834][simple_request.py 255][INFO]: Request data: {
  "txnDate": "2026-06-05",
  "pageInfo": {
    "current": 1,
    "size": 100
  },
  "acctId": "31167445"
}
[2026-06-05 10:15:10,568][simple_request.py 273][INFO]: Response status code: 201
[2026-06-05 10:15:10,568][simple_request.py 277][INFO]: Response status code: 201
[2026-06-05 10:17:04,371][execute.py 53][DEBUG]: Environment switched to: test (config: TEST_CONFIG)
[2026-06-05 10:17:04,372][execute.py 107][INFO]: ---环境自动初始化---执行的是test环境
[2026-06-05 10:17:04,871][execute.py 53][DEBUG]: Environment switched to: uat (config: UAT_CONFIG)
[2026-06-05 10:17:04,875][simple_request.py 253][INFO]: method:post,url:https://uat-api.alloyx-payment.net/web/virtual-card/getAcctJnlList
[2026-06-05 10:17:04,875][simple_request.py 255][INFO]: Request data: {
  "txnDate": "2026-06-05",
  "pageInfo": {
    "current": 1,
    "size": 100
  },
  "acctId": "31167445"
}
[2026-06-05 10:17:07,557][simple_request.py 273][INFO]: Response status code: 201
[2026-06-05 10:17:07,558][simple_request.py 277][INFO]: Response status code: 201
[2026-06-05 10:18:45,883][execute.py 53][DEBUG]: Environment switched to: test (config: TEST_CONFIG)
[2026-06-05 10:18:45,883][execute.py 107][INFO]: ---环境自动初始化---执行的是test环境
[2026-06-05 10:18:46,400][execute.py 53][DEBUG]: Environment switched to: uat (config: UAT_CONFIG)
[2026-06-05 10:18:46,405][simple_request.py 253][INFO]: method:post,url:https://uat-api.alloyx-payment.net/web/virtual-card/getAcctJnlList
[2026-06-05 10:18:46,405][simple_request.py 255][INFO]: Request data: {
  "txnDate": "2026-06-05",
  "pageInfo": {
    "current": 1,
    "size": 100
  },
  "acctId": "31167445"
}
[2026-06-05 10:18:48,027][simple_request.py 273][INFO]: Response status code: 201
[2026-06-05 10:18:48,027][simple_request.py 277][INFO]: Response status code: 201
[2026-06-05 10:25:22,700][execute.py 53][DEBUG]: Environment switched to: test (config: TEST_CONFIG)
[2026-06-05 10:25:22,701][execute.py 107][INFO]: ---环境自动初始化---执行的是test环境
[2026-06-05 10:25:23,269][execute.py 53][DEBUG]: Environment switched to: uat (config: UAT_CONFIG)
[2026-06-05 10:25:23,274][simple_request.py 253][INFO]: method:post,url:https://uat-api.alloyx-payment.net/web/virtual-card/getAcctJnlList
[2026-06-05 10:25:23,274][simple_request.py 255][INFO]: Request data: {
  "txnDate": "2026-06-05",
  "pageInfo": {
    "current": 1,
    "size": 100
  },
  "acctId": "31167445"
}
[2026-06-05 10:25:26,676][simple_request.py 273][INFO]: Response status code: 201
[2026-06-05 10:25:26,676][simple_request.py 277][INFO]: Response status code: 201
[2026-06-05 10:25:26,676][simple_request.py 253][INFO]: method:post,url:https://uat-api.alloyx-payment.net/web/virtual-card/getAcctBalList
[2026-06-05 10:25:26,676][simple_request.py 255][INFO]: Request data: {
  "acctId": "31167445"
}
[2026-06-05 10:25:27,238][simple_request.py 273][INFO]: Response status code: 201
[2026-06-05 10:25:27,238][simple_request.py 277][INFO]: Response status code: 201
[2026-06-05 10:25:27,238][simple_request.py 253][INFO]: method:get,url:https://uat-api.alloyx-payment.net/admin/virtual-card/get-all-cards?page=1&take=20
[2026-06-05 10:25:29,216][simple_request.py 273][INFO]: Response status code: 200
[2026-06-05 10:25:29,216][simple_request.py 277][INFO]: Response status code: 200
[2026-06-05 10:25:29,217][simple_request.py 253][INFO]: method:post,url:https://uat-api.alloyx-payment.net/web/virtual-card/getSunrateCardInfo
[2026-06-05 10:25:29,217][simple_request.py 255][INFO]: Request data: {
  "acctId": "31167445",
  "cardId": "74e5a5cd-77c4-4d4e-b0ff-13f54cac0470"
}
[2026-06-05 10:25:30,304][simple_request.py 273][INFO]: Response status code: 400
[2026-06-05 10:25:30,305][simple_request.py 277][INFO]: Response status code: 400
[2026-06-05 10:25:30,305][simple_request.py 279][ERROR]: Response content: {
  "code": -1,
  "message": "参数错误: Card not found.",
  "originalUrl": "/web/virtual-card/getSunrateCardInfo",
  "timestamp": 1780626330146
}
[2026-06-05 10:25:30,305][simple_request.py 305][ERROR]: Error occurred during request: 400 Client Error: Bad Request for url: https://uat-api.alloyx-payment.net/web/virtual-card/getSunrateCardInfo
[2026-06-05 10:26:41,121][execute.py 53][DEBUG]: Environment switched to: test (config: TEST_CONFIG)
[2026-06-05 10:26:41,121][execute.py 107][INFO]: ---环境自动初始化---执行的是test环境
[2026-06-05 10:26:41,627][execute.py 53][DEBUG]: Environment switched to: uat (config: UAT_CONFIG)
[2026-06-05 10:26:41,632][simple_request.py 253][INFO]: method:post,url:https://uat-api.alloyx-payment.net/web/virtual-card/getAcctJnlList
[2026-06-05 10:26:41,632][simple_request.py 255][INFO]: Request data: {
  "txnDate": "2026-06-05",
  "pageInfo": {
    "current": 1,
    "size": 100
  },
  "acctId": "31167445"
}
[2026-06-05 10:26:43,888][simple_request.py 273][INFO]: Response status code: 201
[2026-06-05 10:26:43,888][simple_request.py 277][INFO]: Response status code: 201
[2026-06-05 10:26:43,888][simple_request.py 253][INFO]: method:post,url:https://uat-api.alloyx-payment.net/web/virtual-card/getAcctBalList
[2026-06-05 10:26:43,888][simple_request.py 255][INFO]: Request data: {
  "acctId": "31167445"
}
[2026-06-05 10:26:44,711][simple_request.py 273][INFO]: Response status code: 201
[2026-06-05 10:26:44,711][simple_request.py 277][INFO]: Response status code: 201
[2026-06-05 10:26:44,711][simple_request.py 253][INFO]: method:get,url:https://uat-api.alloyx-payment.net/admin/virtual-card/get-all-cards?page=1&take=20
[2026-06-05 10:26:46,515][simple_request.py 273][INFO]: Response status code: 200
[2026-06-05 10:26:46,515][simple_request.py 277][INFO]: Response status code: 200
[2026-06-05 10:26:46,516][simple_request.py 253][INFO]: method:post,url:https://uat-api.alloyx-payment.net/web/virtual-card/getSunrateCardInfo
[2026-06-05 10:26:46,516][simple_request.py 255][INFO]: Request data: {
  "acctId": "31167445",
  "cardId": "2062091096849575938"
}
[2026-06-05 10:26:47,078][simple_request.py 273][INFO]: Response status code: 201
[2026-06-05 10:26:47,078][simple_request.py 277][INFO]: Response status code: 201
[2026-06-05 10:26:58,913][execute.py 53][DEBUG]: Environment switched to: test (config: TEST_CONFIG)
[2026-06-05 10:26:58,914][execute.py 107][INFO]: ---环境自动初始化---执行的是test环境
[2026-06-05 10:26:59,482][execute.py 53][DEBUG]: Environment switched to: uat (config: UAT_CONFIG)
[2026-06-05 10:26:59,487][simple_request.py 253][INFO]: method:post,url:https://uat-api.alloyx-payment.net/web/virtual-card/getAcctJnlList
[2026-06-05 10:26:59,487][simple_request.py 255][INFO]: Request data: {
  "txnDate": "2026-06-05",
  "pageInfo": {
    "current": 1,
    "size": 100
  },
  "acctId": "31167445"
}
[2026-06-05 10:27:02,016][simple_request.py 273][INFO]: Response status code: 201
[2026-06-05 10:27:02,016][simple_request.py 277][INFO]: Response status code: 201
[2026-06-05 10:27:02,016][simple_request.py 253][INFO]: method:post,url:https://uat-api.alloyx-payment.net/web/virtual-card/getAcctBalList
[2026-06-05 10:27:02,016][simple_request.py 255][INFO]: Request data: {
  "acctId": "31167445"
}
[2026-06-05 10:27:02,604][simple_request.py 273][INFO]: Response status code: 201
[2026-06-05 10:27:02,604][simple_request.py 277][INFO]: Response status code: 201
[2026-06-05 10:27:02,604][simple_request.py 253][INFO]: method:get,url:https://uat-api.alloyx-payment.net/admin/virtual-card/get-all-cards?page=1&take=20
[2026-06-05 10:27:04,856][simple_request.py 273][INFO]: Response status code: 200
[2026-06-05 10:27:04,856][simple_request.py 277][INFO]: Response status code: 200
[2026-06-05 10:27:04,856][simple_request.py 253][INFO]: method:post,url:https://uat-api.alloyx-payment.net/web/virtual-card/getSunrateCardInfo
[2026-06-05 10:27:04,856][simple_request.py 255][INFO]: Request data: {
  "acctId": "31167445",
  "cardId": "2062091096849575938"
}
[2026-06-05 10:27:05,748][simple_request.py 273][INFO]: Response status code: 201
[2026-06-05 10:27:05,748][simple_request.py 277][INFO]: Response status code: 201
[2026-06-05 10:37:31,953][execute.py 53][DEBUG]: Environment switched to: test (config: TEST_CONFIG)
[2026-06-05 10:37:31,953][execute.py 107][INFO]: ---环境自动初始化---执行的是test环境
[2026-06-05 10:37:32,484][execute.py 53][DEBUG]: Environment switched to: uat (config: UAT_CONFIG)
[2026-06-05 10:37:32,489][simple_request.py 253][INFO]: method:post,url:https://uat-api.alloyx-payment.net/web/virtual-card/getAcctJnlList
[2026-06-05 10:37:32,489][simple_request.py 255][INFO]: Request data: {
  "txnDate": "2026-06-05",
  "pageInfo": {
    "current": 1,
    "size": 100
  },
  "acctId": "31167445"
}
[2026-06-05 10:37:35,863][simple_request.py 273][INFO]: Response status code: 201
[2026-06-05 10:37:35,863][simple_request.py 277][INFO]: Response status code: 201
[2026-06-05 10:37:35,863][simple_request.py 253][INFO]: method:post,url:https://uat-api.alloyx-payment.net/web/virtual-card/getAcctBalList
[2026-06-05 10:37:35,863][simple_request.py 255][INFO]: Request data: {
  "acctId": "31167445"
}
[2026-06-05 10:37:36,638][simple_request.py 273][INFO]: Response status code: 201
[2026-06-05 10:37:36,639][simple_request.py 277][INFO]: Response status code: 201
[2026-06-05 10:37:36,639][simple_request.py 253][INFO]: method:get,url:https://uat-api.alloyx-payment.net/admin/virtual-card/get-all-cards?page=1&take=20
[2026-06-05 10:37:39,219][simple_request.py 273][INFO]: Response status code: 200
[2026-06-05 10:37:39,219][simple_request.py 277][INFO]: Response status code: 200
[2026-06-05 10:37:39,220][simple_request.py 253][INFO]: method:post,url:https://uat-api.alloyx-payment.net/web/virtual-card/getSunrateCardInfo
[2026-06-05 10:37:39,220][simple_request.py 255][INFO]: Request data: {
  "acctId": "31167445",
  "cardId": "2062091096849575938"
}
[2026-06-05 10:37:41,154][simple_request.py 273][INFO]: Response status code: 201
[2026-06-05 10:37:41,154][simple_request.py 277][INFO]: Response status code: 201
